<?xml version="1.0" encoding="UTF-8"?>
<testng-results skipped="0" failed="0" total="1" passed="1">
  <reporter-output>
    <line>
      <![CDATA[Chrome started]]>
    </line>
  </reporter-output>
  <suite name="Default suite" duration-ms="9224" started-at="2023-02-22T04:09:56Z" finished-at="2023-02-22T04:10:06Z">
    <groups>
    </groups>
    <test name="Default test" duration-ms="9224" started-at="2023-02-22T04:09:56Z" finished-at="2023-02-22T04:10:06Z">
      <class name="testcases.LoginTest">
        <test-method status="PASS" signature="setup()[pri:0, instance:testcases.LoginTest@2344fc66]" name="setup" is-config="true" duration-ms="6192" started-at="2023-02-22T09:39:56Z" finished-at="2023-02-22T09:40:03Z">
          <reporter-output>
            <line>
              <![CDATA[Chrome started]]>
            </line>
          </reporter-output>
        </test-method> <!-- setup -->
        <test-method status="PASS" signature="LoginIntoApplication(java.lang.String, java.lang.String)[pri:0, instance:testcases.LoginTest@2344fc66]" name="LoginIntoApplication" duration-ms="1308" started-at="2023-02-22T09:40:03Z" data-provider="EmpLogin" finished-at="2023-02-22T09:40:05Z">
          <params>
            <param index="0">
              <value>
                <![CDATA[ineuron@ineuron.ai]]>
              </value>
            </param>
            <param index="1">
              <value>
                <![CDATA[ineuron]]>
              </value>
            </param>
          </params>
          <reporter-output>
          </reporter-output>
        </test-method> <!-- LoginIntoApplication -->
        <test-method status="PASS" signature="tearDown()[pri:0, instance:testcases.LoginTest@2344fc66]" name="tearDown" is-config="true" duration-ms="1012" started-at="2023-02-22T09:40:05Z" finished-at="2023-02-22T09:40:06Z">
          <reporter-output>
          </reporter-output>
        </test-method> <!-- tearDown -->
      </class> <!-- testcases.LoginTest -->
    </test> <!-- Default test -->
  </suite> <!-- Default suite -->
</testng-results>
